Using pre-set license
Built from '2020.3/staging' branch; Version is '2020.3.23f1 (c5d91304a876) revision 12966163'; Using compiler version '192528614'; Build Type 'Release'
OS: 'Windows 10 Home; OS build 19043.1348; Version 2009; 64bit' Language: 'fr' Physical Memory: 24001 MB
BatchMode: 1, IsHumanControllingUs: 0, StartBugReporterOnCrash: 0, Is64bit: 1, IsPro: 0

COMMAND LINE ARGUMENTS:
C:\Program Files\Unity\Hub\Editor\2020.3.23f1\Editor\Unity.exe
-adb2
-batchMode
-noUpm
-name
AssetImportWorker0
-projectPath
C:/Users/hugos/OneDrive - EPITA/Bureau/unity/FilliolMathias_Saint-RaymondHugo
-logFile
Logs/AssetImportWorker0.log
-srvPort
55865
Successfully changed project path to: C:/Users/hugos/OneDrive - EPITA/Bureau/unity/FilliolMathias_Saint-RaymondHugo
C:/Users/hugos/OneDrive - EPITA/Bureau/unity/FilliolMathias_Saint-RaymondHugo
Using Asset Import Pipeline V2.
Refreshing native plugins compatible for Editor in 55.14 ms, found 2 plugins.
Preloading 0 native plugins for Editor in 0.00 ms.
Initialize engine version: 2020.3.23f1 (c5d91304a876)
[Subsystems] Discovering subsystems at path C:/Program Files/Unity/Hub/Editor/2020.3.23f1/Editor/Data/Resources/UnitySubsystems
[Subsystems] Discovering subsystems at path C:/Users/hugos/OneDrive - EPITA/Bureau/unity/FilliolMathias_Saint-RaymondHugo/Assets
GfxDevice: creating device client; threaded=0
Direct3D:
    Version:  Direct3D 11.0 [level 11.1]
    Renderer: NVIDIA GeForce GTX 1650 (ID=0x1f91)
    Vendor:   
    VRAM:     3962 MB
    Driver:   30.0.14.7196
Initialize mono
Mono path[0] = 'C:/Program Files/Unity/Hub/Editor/2020.3.23f1/Editor/Data/Managed'
Mono path[1] = 'C:/Program Files/Unity/Hub/Editor/2020.3.23f1/Editor/Data/MonoBleedingEdge/lib/mono/unityjit'
Mono config path = 'C:/Program Files/Unity/Hub/Editor/2020.3.23f1/Editor/Data/MonoBleedingEdge/etc'
Using monoOptions --debugger-agent=transport=dt_socket,embedding=1,server=y,suspend=n,address=127.0.0.1:56624
Begin MonoManager ReloadAssembly
Registering precompiled unity dll's ...
Register platform support module: C:/Program Files/Unity/Hub/Editor/2020.3.23f1/Editor/Data/PlaybackEngines/WindowsStandaloneSupport/UnityEditor.WindowsStandalone.Extensions.dll
Registered in 0.003732 seconds.
Native extension for WindowsStandalone target not found
Refreshing native plugins compatible for Editor in 102.01 ms, found 2 plugins.
Preloading 0 native plugins for Editor in 0.00 ms.
Mono: successfully reloaded assembly
- Completed reload, in  1.064 seconds
Domain Reload Profiling:
	ReloadAssembly (1065ms)
		BeginReloadAssembly (100ms)
			ExecutionOrderSort (0ms)
			DisableScriptedObjects (0ms)
			BackupInstance (0ms)
			ReleaseScriptingObjects (0ms)
			CreateAndSetChildDomain (1ms)
		EndReloadAssembly (838ms)
			LoadAssemblies (96ms)
			RebuildTransferFunctionScriptingTraits (0ms)
			SetupTypeCache (269ms)
			ReleaseScriptCaches (0ms)
			RebuildScriptCaches (51ms)
			SetupLoadedEditorAssemblies (339ms)
				LogAssemblyErrors (0ms)
				InitializePlatformSupportModulesInManaged (8ms)
				SetLoadedEditorAssemblies (0ms)
				RefreshPlugins (102ms)
				BeforeProcessingInitializeOnLoad (34ms)
				ProcessInitializeOnLoadAttributes (124ms)
				ProcessInitializeOnLoadMethodAttributes (70ms)
				AfterProcessingInitializeOnLoad (0ms)
				EditorAssembliesLoaded (0ms)
			ExecutionOrderSort2 (0ms)
			AwakeInstancesAfterBackupRestoration (0ms)
Platform modules already initialized, skipping
Registering precompiled user dll's ...
Registered in 0.012097 seconds.
Begin MonoManager ReloadAssembly
Native extension for WindowsStandalone target not found
Refreshing native plugins compatible for Editor in 69.95 ms, found 2 plugins.
Preloading 0 native plugins for Editor in 0.00 ms.
Mono: successfully reloaded assembly
- Completed reload, in  2.366 seconds
Domain Reload Profiling:
	ReloadAssembly (2367ms)
		BeginReloadAssembly (276ms)
			ExecutionOrderSort (0ms)
			DisableScriptedObjects (10ms)
			BackupInstance (0ms)
			ReleaseScriptingObjects (0ms)
			CreateAndSetChildDomain (33ms)
		EndReloadAssembly (1959ms)
			LoadAssemblies (189ms)
			RebuildTransferFunctionScriptingTraits (0ms)
			SetupTypeCache (608ms)
			ReleaseScriptCaches (1ms)
			RebuildScriptCaches (106ms)
			SetupLoadedEditorAssemblies (795ms)
				LogAssemblyErrors (0ms)
				InitializePlatformSupportModulesInManaged (6ms)
				SetLoadedEditorAssemblies (1ms)
				RefreshPlugins (70ms)
				BeforeProcessingInitializeOnLoad (200ms)
				ProcessInitializeOnLoadAttributes (483ms)
				ProcessInitializeOnLoadMethodAttributes (20ms)
				AfterProcessingInitializeOnLoad (16ms)
				EditorAssembliesLoaded (0ms)
			ExecutionOrderSort2 (0ms)
			AwakeInstancesAfterBackupRestoration (13ms)
Platform modules already initialized, skipping
========================================================================
Worker process is ready to serve import requests
Launched and connected shader compiler UnityShaderCompiler.exe after 0.20 seconds
Refreshing native plugins compatible for Editor in 0.94 ms, found 2 plugins.
Preloading 0 native plugins for Editor in 0.00 ms.
Unloading 1920 Unused Serialized files (Serialized files now loaded: 0)
System memory in use before: 81.7 MB.
System memory in use after: 81.7 MB.

Unloading 21 unused Assets to reduce memory usage. Loaded Objects now: 2352.
Total: 6.231600 ms (FindLiveObjects: 0.539100 ms CreateObjectMapping: 0.240000 ms MarkObjects: 5.341900 ms  DeleteObjects: 0.108200 ms)

AssetImportParameters requested are different than current active one (requested -> active):
  custom:framework-win-MediaFoundation: 216162199b28c13a410421893ffa2e32 -> 
  custom:video-decoder-ogg-theora: a1e56fd34408186e4bbccfd4996cb3dc -> 
  custom:container-muxer-webm: aa71ff27fc2769a1b78a27578f13a17b -> 
  custom:container-demuxer-webm: 4f35f7cbe854078d1ac9338744f61a02 -> 
  custom:container-demuxer-ogg: 62fdf1f143b41e24485cea50d1cbac27 -> 
  custom:video-encoder-webm-vp8: eb34c28f22e8b96e1ab97ce403110664 -> 
  custom:video-codec-MediaFoundation-h265: 746d11721c4dcdbdad8f713fa42b33f4 -> 
  custom:video-decoder-webm-vp8: 9c59270c3fd7afecdb556c50c9e8de78 -> 
  custom:audio-decoder-ogg-vorbis: bf7c407c2cedff20999df2af8eb42d56 -> 
  custom:audio-encoder-webm-vorbis: bf7c407c2cedff20999df2af8eb42d56 -> 
========================================================================
Received Import Request.
  path: Assets/Scripts/ApplicationManager.cs
  artifactKey: Guid(753dcedbcf53236479bbb3c64a20ebd6) Importer(815301076,1909f56bfc062723c751e8b465ee728b)
Start importing Assets/Scripts/ApplicationManager.cs using Guid(753dcedbcf53236479bbb3c64a20ebd6) Importer(815301076,1909f56bfc062723c751e8b465ee728b)  -> (artifact id: '6d9dd45e59cacf235385ea4817a3c8c2') in 0.049036 seconds 
  Import took 0.061628 seconds .

========================================================================
Received Import Request.
  Time since last request: 54.815125 seconds.
  path: Assets/Scripts/ApplicationManager.cs
  artifactKey: Guid(753dcedbcf53236479bbb3c64a20ebd6) Importer(815301076,1909f56bfc062723c751e8b465ee728b)
Start importing Assets/Scripts/ApplicationManager.cs using Guid(753dcedbcf53236479bbb3c64a20ebd6) Importer(815301076,1909f56bfc062723c751e8b465ee728b)  -> (artifact id: 'd5d6f5acb17d2c81d978ed26963905c8') in 0.006365 seconds 
  Import took 0.016367 seconds .

========================================================================
Received Import Request.
  Time since last request: 138.719001 seconds.
  path: Assets/living birds/animations
  artifactKey: Guid(7acc9e8499f8fea4e863e502706b4390) Importer(815301076,1909f56bfc062723c751e8b465ee728b)
Start importing Assets/living birds/animations using Guid(7acc9e8499f8fea4e863e502706b4390) Importer(815301076,1909f56bfc062723c751e8b465ee728b)  -> (artifact id: '92ca4f4b785c44110e252601ef4e7d6b') in 0.014497 seconds 
  Import took 0.019641 seconds .

========================================================================
Received Import Request.
  Time since last request: 1.708049 seconds.
  path: Assets/living birds/documents
  artifactKey: Guid(96ab26225ed21ca488d7854dd6026c81) Importer(815301076,1909f56bfc062723c751e8b465ee728b)
Start importing Assets/living birds/documents using Guid(96ab26225ed21ca488d7854dd6026c81) Importer(815301076,1909f56bfc062723c751e8b465ee728b)  -> (artifact id: '609f71c4475002e8ec1d5e068930fb7b') in 0.012273 seconds 
  Import took 0.017815 seconds .

========================================================================
Received Import Request.
  Time since last request: 1.701055 seconds.
  path: Assets/living birds/models
  artifactKey: Guid(1aa3f4878d04aac4883da112434e98fe) Importer(815301076,1909f56bfc062723c751e8b465ee728b)
Start importing Assets/living birds/models using Guid(1aa3f4878d04aac4883da112434e98fe) Importer(815301076,1909f56bfc062723c751e8b465ee728b)  -> (artifact id: '97768f83b5c2c1486e7ff8b2cf1d0101') in 0.012925 seconds 
  Import took 0.019627 seconds .

========================================================================
Received Import Request.
  Time since last request: 0.052686 seconds.
  path: Assets/living birds/models/blueJay.FBX
  artifactKey: Guid(9e8e96d31d222394087dd09880b9a261) Importer(815301076,1909f56bfc062723c751e8b465ee728b)
Start importing Assets/living birds/models/blueJay.FBX using Guid(9e8e96d31d222394087dd09880b9a261) Importer(815301076,1909f56bfc062723c751e8b465ee728b)  -> (artifact id: '68bb2bf77e66472b111d2a416610b613') in 0.490344 seconds 
  Import took 0.497329 seconds .

========================================================================
Received Import Request.
  Time since last request: 0.000212 seconds.
  path: Assets/living birds/models/crow.FBX
  artifactKey: Guid(0646ceebc81f52a4e8a676e94ab46092) Importer(815301076,1909f56bfc062723c751e8b465ee728b)
Start importing Assets/living birds/models/crow.FBX using Guid(0646ceebc81f52a4e8a676e94ab46092) Importer(815301076,1909f56bfc062723c751e8b465ee728b)  -> (artifact id: '367b877114258b3f6361eec13a0357be') in 0.048543 seconds 
  Import took 0.055303 seconds .

========================================================================
Received Import Request.
  Time since last request: 0.000208 seconds.
  path: Assets/living birds/models/robin.FBX
  artifactKey: Guid(9f593cbd7bb1be142ae42d4b5131603e) Importer(815301076,1909f56bfc062723c751e8b465ee728b)
Start importing Assets/living birds/models/robin.FBX using Guid(9f593cbd7bb1be142ae42d4b5131603e) Importer(815301076,1909f56bfc062723c751e8b465ee728b)  -> (artifact id: '2cf282474425623cef1e373f4a3d7476') in 0.043569 seconds 
  Import took 0.049374 seconds .

========================================================================
Received Import Request.
  Time since last request: 0.000254 seconds.
  path: Assets/living birds/models/cardinal.FBX
  artifactKey: Guid(f2f7b64dd5c50f8479d6d1610f8537c1) Importer(815301076,1909f56bfc062723c751e8b465ee728b)
Start importing Assets/living birds/models/cardinal.FBX using Guid(f2f7b64dd5c50f8479d6d1610f8537c1) Importer(815301076,1909f56bfc062723c751e8b465ee728b)  -> (artifact id: 'b1e57397c609d62d052d17674a3dbecf') in 0.046409 seconds 
  Import took 0.051583 seconds .

========================================================================
Received Import Request.
  Time since last request: 0.000230 seconds.
  path: Assets/living birds/models/littleBird.FBX
  artifactKey: Guid(2d22c1b2dd1214c4d835fd1f6d436db7) Importer(815301076,1909f56bfc062723c751e8b465ee728b)
Start importing Assets/living birds/models/littleBird.FBX using Guid(2d22c1b2dd1214c4d835fd1f6d436db7) Importer(815301076,1909f56bfc062723c751e8b465ee728b)  -> (artifact id: 'd4126b0edf3511cd701a6f5b3e86ec4a') in 0.043293 seconds 
  Import took 0.049166 seconds .

========================================================================
Received Import Request.
  Time since last request: 10.390062 seconds.
  path: Assets/living birds/demo/demoGround.mat
  artifactKey: Guid(653a6ad203d22454e87575f5ed337942) Importer(815301076,1909f56bfc062723c751e8b465ee728b)
Start importing Assets/living birds/demo/demoGround.mat using Guid(653a6ad203d22454e87575f5ed337942) Importer(815301076,1909f56bfc062723c751e8b465ee728b)  -> (artifact id: '86a0eb80da6e8df249e68f08daea5903') in 0.282777 seconds 
  Import took 0.287842 seconds .

========================================================================
Received Import Request.
  Time since last request: 0.000239 seconds.
  path: Assets/living birds/demo/livingBirdsDemoGround.jpg
  artifactKey: Guid(30653cbd71d08494191642b685b2c52a) Importer(815301076,1909f56bfc062723c751e8b465ee728b)
Start importing Assets/living birds/demo/livingBirdsDemoGround.jpg using Guid(30653cbd71d08494191642b685b2c52a) Importer(815301076,1909f56bfc062723c751e8b465ee728b)  -> (artifact id: '0445dc76c740848ef727c7ecc5a25c30') in 0.055986 seconds 
  Import took 0.060894 seconds .

========================================================================
Received Import Request.
  Time since last request: 0.412341 seconds.
  path: Assets/living birds/animations/bird@die.FBX
  artifactKey: Guid(3eb26f964a8a1f442b4ebaad1c690121) Importer(815301076,1909f56bfc062723c751e8b465ee728b)
Start importing Assets/living birds/animations/bird@die.FBX using Guid(3eb26f964a8a1f442b4ebaad1c690121) Importer(815301076,1909f56bfc062723c751e8b465ee728b)  -> (artifact id: '95f3e6a0aee106b586a992ae6e333ab9') in 0.039120 seconds 
  Import took 0.043945 seconds .

========================================================================
Received Import Request.
  Time since last request: 0.000223 seconds.
  path: Assets/living birds/animations/bird@landing.FBX
  artifactKey: Guid(91a0ec93e9077c54fa3a5931b1d22f16) Importer(815301076,1909f56bfc062723c751e8b465ee728b)
Start importing Assets/living birds/animations/bird@landing.FBX using Guid(91a0ec93e9077c54fa3a5931b1d22f16) Importer(815301076,1909f56bfc062723c751e8b465ee728b)  -> (artifact id: '3daee8787cc4119f4a12cf6e9fcd1572') in 0.056068 seconds 
  Import took 0.062135 seconds .

========================================================================
Received Import Request.
  Time since last request: 0.000309 seconds.
  path: Assets/living birds/animations/bird@watch02.FBX
  artifactKey: Guid(2eeda2bfa864a3b4ea31d02ad1d7d8de) Importer(815301076,1909f56bfc062723c751e8b465ee728b)
Start importing Assets/living birds/animations/bird@watch02.FBX using Guid(2eeda2bfa864a3b4ea31d02ad1d7d8de) Importer(815301076,1909f56bfc062723c751e8b465ee728b)  -> (artifact id: 'e14d68ccfc1af2123f4cead67af8e446') in 0.054869 seconds 
  Import took 0.060974 seconds .

========================================================================
Received Import Request.
  Time since last request: 0.000238 seconds.
  path: Assets/living birds/animations/bird@ruffle.FBX
  artifactKey: Guid(62a99fa6a6de34a43bcad78c98a2166d) Importer(815301076,1909f56bfc062723c751e8b465ee728b)
Start importing Assets/living birds/animations/bird@ruffle.FBX using Guid(62a99fa6a6de34a43bcad78c98a2166d) Importer(815301076,1909f56bfc062723c751e8b465ee728b)  -> (artifact id: '18f4bea35caf65e2612978f1217014cf') in 0.053146 seconds 
  Import took 0.057961 seconds .

========================================================================
Received Import Request.
  Time since last request: 0.000226 seconds.
  path: Assets/living birds/animations/bird@flyRight.FBX
  artifactKey: Guid(94716c41dacd7a340b9c94a4d2043197) Importer(815301076,1909f56bfc062723c751e8b465ee728b)
Start importing Assets/living birds/animations/bird@flyRight.FBX using Guid(94716c41dacd7a340b9c94a4d2043197) Importer(815301076,1909f56bfc062723c751e8b465ee728b)  -> (artifact id: 'd783adec57d7cbd3a024b6fad5ba4665') in 0.051799 seconds 
  Import took 0.057217 seconds .

========================================================================
Received Import Request.
  Time since last request: 0.000217 seconds.
  path: Assets/living birds/animations/bird@hopForward.FBX
  artifactKey: Guid(09d34c73ee372d247b9b1ba6e0b91665) Importer(815301076,1909f56bfc062723c751e8b465ee728b)
Start importing Assets/living birds/animations/bird@hopForward.FBX using Guid(09d34c73ee372d247b9b1ba6e0b91665) Importer(815301076,1909f56bfc062723c751e8b465ee728b)  -> (artifact id: '736c79f24fcc0a2fffebabdacb96435a') in 0.045244 seconds 
  Import took 0.050987 seconds .

========================================================================
Received Import Request.
  Time since last request: 0.000221 seconds.
  path: Assets/living birds/animations/bird@sing.FBX
  artifactKey: Guid(424394d0a52644344830945f23d59ac3) Importer(815301076,1909f56bfc062723c751e8b465ee728b)
Start importing Assets/living birds/animations/bird@sing.FBX using Guid(424394d0a52644344830945f23d59ac3) Importer(815301076,1909f56bfc062723c751e8b465ee728b)  -> (artifact id: 'aa7441262021b2824dfe4887e51ba0df') in 0.049551 seconds 
  Import took 0.055911 seconds .

========================================================================
Received Import Request.
  Time since last request: 0.000222 seconds.
  path: Assets/living birds/animations/bird@worried.FBX
  artifactKey: Guid(cfade936808e440439bff42525f9f2aa) Importer(815301076,1909f56bfc062723c751e8b465ee728b)
Start importing Assets/living birds/animations/bird@worried.FBX using Guid(cfade936808e440439bff42525f9f2aa) Importer(815301076,1909f56bfc062723c751e8b465ee728b)  -> (artifact id: '8258388292660d6bd46b7ca2c7aab003') in 0.060785 seconds 
  Import took 0.066245 seconds .

========================================================================
Received Import Request.
  Time since last request: 0.000224 seconds.
  path: Assets/living birds/animations/bird@peck.FBX
  artifactKey: Guid(45df0147da930de4aa376948b6bf0ee7) Importer(815301076,1909f56bfc062723c751e8b465ee728b)
Start importing Assets/living birds/animations/bird@peck.FBX using Guid(45df0147da930de4aa376948b6bf0ee7) Importer(815301076,1909f56bfc062723c751e8b465ee728b)  -> (artifact id: '5710c8dd67e4d95e1ecf479ece7b5075') in 0.052200 seconds 
  Import took 0.057408 seconds .

========================================================================
Received Import Request.
  Time since last request: 0.000229 seconds.
  path: Assets/living birds/animations/bird@watch01.FBX
  artifactKey: Guid(fcd9e2f0fe594944fa820d71162634f0) Importer(815301076,1909f56bfc062723c751e8b465ee728b)
Start importing Assets/living birds/animations/bird@watch01.FBX using Guid(fcd9e2f0fe594944fa820d71162634f0) Importer(815301076,1909f56bfc062723c751e8b465ee728b)  -> (artifact id: '97aba6995bc294744573de36216a299a') in 0.051429 seconds 
  Import took 0.056603 seconds .

========================================================================
Received Import Request.
  Time since last request: 0.000211 seconds.
  path: Assets/living birds/animations/bird@hopRight.FBX
  artifactKey: Guid(59ffe1777b631994b951990645443568) Importer(815301076,1909f56bfc062723c751e8b465ee728b)
Start importing Assets/living birds/animations/bird@hopRight.FBX using Guid(59ffe1777b631994b951990645443568) Importer(815301076,1909f56bfc062723c751e8b465ee728b)  -> (artifact id: '4d49501c0678824012e67aa7ab41817e') in 0.051294 seconds 
  Import took 0.056428 seconds .

========================================================================
Received Import Request.
  Time since last request: 0.000210 seconds.
  path: Assets/living birds/animations/bird@hopLeft.FBX
  artifactKey: Guid(62f44b8db6c967743b7107b7e2f4c863) Importer(815301076,1909f56bfc062723c751e8b465ee728b)
Start importing Assets/living birds/animations/bird@hopLeft.FBX using Guid(62f44b8db6c967743b7107b7e2f4c863) Importer(815301076,1909f56bfc062723c751e8b465ee728b)  -> (artifact id: '8db56bd8d03b1e43aa861b316781b3c8') in 0.046310 seconds 
  Import took 0.052311 seconds .

========================================================================
Received Import Request.
  Time since last request: 0.000227 seconds.
  path: Assets/living birds/animations/bird@flyLeft.FBX
  artifactKey: Guid(57ab8ccdf00569740b090329b9ae9373) Importer(815301076,1909f56bfc062723c751e8b465ee728b)
Start importing Assets/living birds/animations/bird@flyLeft.FBX using Guid(57ab8ccdf00569740b090329b9ae9373) Importer(815301076,1909f56bfc062723c751e8b465ee728b)  -> (artifact id: '368c92a3869e1784cb89fa9f8bc8cbe1') in 0.054261 seconds 
  Import took 0.062090 seconds .

========================================================================
Received Import Request.
  Time since last request: 0.000215 seconds.
  path: Assets/living birds/animations/bird@preen.FBX
  artifactKey: Guid(a63534207461a814ba47d5d949b410b6) Importer(815301076,1909f56bfc062723c751e8b465ee728b)
Start importing Assets/living birds/animations/bird@preen.FBX using Guid(a63534207461a814ba47d5d949b410b6) Importer(815301076,1909f56bfc062723c751e8b465ee728b)  -> (artifact id: '0638e1e129946307204d34361acc19d0') in 0.056021 seconds 
  Import took 0.063355 seconds .

========================================================================
Received Import Request.
  Time since last request: 0.000275 seconds.
  path: Assets/living birds/animations/bird@flyStraight.FBX
  artifactKey: Guid(f2dcbf14324d47a499783221451475c6) Importer(815301076,1909f56bfc062723c751e8b465ee728b)
Start importing Assets/living birds/animations/bird@flyStraight.FBX using Guid(f2dcbf14324d47a499783221451475c6) Importer(815301076,1909f56bfc062723c751e8b465ee728b)  -> (artifact id: 'c77d5a5fa84e0b88f93c4d8304c712c8') in 0.057620 seconds 
  Import took 0.066089 seconds .

========================================================================
Received Import Request.
  Time since last request: 0.000256 seconds.
  path: Assets/living birds/animations/bird@hopBack.FBX
  artifactKey: Guid(ad08e56404f896844a3d5d9cbb285c4b) Importer(815301076,1909f56bfc062723c751e8b465ee728b)
Start importing Assets/living birds/animations/bird@hopBack.FBX using Guid(ad08e56404f896844a3d5d9cbb285c4b) Importer(815301076,1909f56bfc062723c751e8b465ee728b)  -> (artifact id: '99b077c0ffa9b0c3db420d9ea02c4a36') in 0.057876 seconds 
  Import took 0.065126 seconds .

========================================================================
Received Import Request.
  Time since last request: 52.112787 seconds.
  path: Assets/living birds/animations/birdAnimatorController.controller
  artifactKey: Guid(a24ec9cf4c2103646a47e0497a925d6b) Importer(815301076,1909f56bfc062723c751e8b465ee728b)
Start importing Assets/living birds/animations/birdAnimatorController.controller using Guid(a24ec9cf4c2103646a47e0497a925d6b) Importer(815301076,1909f56bfc062723c751e8b465ee728b)  -> (artifact id: '7c895b381612bf629dc1b5774699aefa') in 0.070342 seconds 
  Import took 0.078537 seconds .

========================================================================
Received Import Request.
  Time since last request: 19.153265 seconds.
  path: Assets/living birds/Materials-Textures/blueJayDIffuse.png
  artifactKey: Guid(f6d44515531016540a2eca4aad3dd89d) Importer(815301076,1909f56bfc062723c751e8b465ee728b)
Start importing Assets/living birds/Materials-Textures/blueJayDIffuse.png using Guid(f6d44515531016540a2eca4aad3dd89d) Importer(815301076,1909f56bfc062723c751e8b465ee728b)  -> (artifact id: 'a9c73c3d47168faef1d2c270b46caae0') in 0.025771 seconds 
  Import took 0.030652 seconds .

========================================================================
Received Import Request.
  Time since last request: 0.000226 seconds.
  path: Assets/living birds/Materials-Textures/blueJayMaterialHQ.mat
  artifactKey: Guid(64aab1f1d39bf2e43befcc5c0573a729) Importer(815301076,1909f56bfc062723c751e8b465ee728b)
Start importing Assets/living birds/Materials-Textures/blueJayMaterialHQ.mat using Guid(64aab1f1d39bf2e43befcc5c0573a729) Importer(815301076,1909f56bfc062723c751e8b465ee728b)  -> (artifact id: '988fae330bed720fd530a279fc743e59') in 0.210879 seconds 
  Import took 0.216361 seconds .

========================================================================
Received Import Request.
  Time since last request: 0.000231 seconds.
  path: Assets/living birds/Materials-Textures/crowMaterialHQ.mat
  artifactKey: Guid(167c8145cdced1d43ba5318a1a0c0738) Importer(815301076,1909f56bfc062723c751e8b465ee728b)
Start importing Assets/living birds/Materials-Textures/crowMaterialHQ.mat using Guid(167c8145cdced1d43ba5318a1a0c0738) Importer(815301076,1909f56bfc062723c751e8b465ee728b)  -> (artifact id: '88c33852d2677eeae34734466814f109') in 0.164058 seconds 
  Import took 0.168579 seconds .

========================================================================
Received Import Request.
  Time since last request: 0.000229 seconds.
  path: Assets/living birds/Materials-Textures/cardinalDiffuseAlpha.png
  artifactKey: Guid(fbc2e95e1bc44b64b9fb7199813e4553) Importer(815301076,1909f56bfc062723c751e8b465ee728b)
Start importing Assets/living birds/Materials-Textures/cardinalDiffuseAlpha.png using Guid(fbc2e95e1bc44b64b9fb7199813e4553) Importer(815301076,1909f56bfc062723c751e8b465ee728b)  -> (artifact id: 'decf7b6164b0b370adcac31eddf5312e') in 0.032802 seconds 
  Import took 0.037550 seconds .

========================================================================
Received Import Request.
  Time since last request: 0.000232 seconds.
  path: Assets/living birds/Materials-Textures/cardinalDiffuse.png
  artifactKey: Guid(b9fd93230730a4148a1857f09a494943) Importer(815301076,1909f56bfc062723c751e8b465ee728b)
Start importing Assets/living birds/Materials-Textures/cardinalDiffuse.png using Guid(b9fd93230730a4148a1857f09a494943) Importer(815301076,1909f56bfc062723c751e8b465ee728b)  -> (artifact id: '75d65b0048f2cd8cc35cf4ae71928f2f') in 0.024738 seconds 
  Import took 0.030115 seconds .

========================================================================
Received Import Request.
  Time since last request: 0.000296 seconds.
  path: Assets/living birds/Materials-Textures/robinMaterialHQ.mat
  artifactKey: Guid(51ca230fc2250074eae1ba2bcc09f070) Importer(815301076,1909f56bfc062723c751e8b465ee728b)
Start importing Assets/living birds/Materials-Textures/robinMaterialHQ.mat using Guid(51ca230fc2250074eae1ba2bcc09f070) Importer(815301076,1909f56bfc062723c751e8b465ee728b)  -> (artifact id: '9550fcb6e882cc1dcdc9e17eed21ea53') in 0.027020 seconds 
  Import took 0.032821 seconds .

========================================================================
Received Import Request.
  Time since last request: 0.000367 seconds.
  path: Assets/living birds/Materials-Textures/goldFinchMaterial.mat
  artifactKey: Guid(82f512e5b1f894b47b6c242b59b08687) Importer(815301076,1909f56bfc062723c751e8b465ee728b)
Start importing Assets/living birds/Materials-Textures/goldFinchMaterial.mat using Guid(82f512e5b1f894b47b6c242b59b08687) Importer(815301076,1909f56bfc062723c751e8b465ee728b)  -> (artifact id: 'e92c8e95a4d4c20410b5e3cf5f59bb36') in 0.032749 seconds 
  Import took 0.037653 seconds .

========================================================================
Received Import Request.
  Time since last request: 0.000207 seconds.
  path: Assets/living birds/Materials-Textures/goldfinchDiffuse.png
  artifactKey: Guid(da3c3b0529a80f741a1e99f05d689d0a) Importer(815301076,1909f56bfc062723c751e8b465ee728b)
Start importing Assets/living birds/Materials-Textures/goldfinchDiffuse.png using Guid(da3c3b0529a80f741a1e99f05d689d0a) Importer(815301076,1909f56bfc062723c751e8b465ee728b)  -> (artifact id: 'f2120599152dfc08da0b048a72d6a078') in 0.032990 seconds 
  Import took 0.038253 seconds .

========================================================================
Received Import Request.
  Time since last request: 0.000218 seconds.
  path: Assets/living birds/Materials-Textures/goldfinchDiffuseAlpha.png
  artifactKey: Guid(e952706f1d3bc0749b7065ea3b892d8d) Importer(815301076,1909f56bfc062723c751e8b465ee728b)
Start importing Assets/living birds/Materials-Textures/goldfinchDiffuseAlpha.png using Guid(e952706f1d3bc0749b7065ea3b892d8d) Importer(815301076,1909f56bfc062723c751e8b465ee728b)  -> (artifact id: '3adceed279a55df9b8259ca0247aae34') in 0.028910 seconds 
  Import took 0.034054 seconds .

========================================================================
Received Import Request.
  Time since last request: 0.000226 seconds.
  path: Assets/living birds/Materials-Textures/blueJayMaterial.mat
  artifactKey: Guid(aad92b912a4794345baee2af2e5ed3c6) Importer(815301076,1909f56bfc062723c751e8b465ee728b)
Start importing Assets/living birds/Materials-Textures/blueJayMaterial.mat using Guid(aad92b912a4794345baee2af2e5ed3c6) Importer(815301076,1909f56bfc062723c751e8b465ee728b)  -> (artifact id: '0bbbed06e25f9b115f11880c05253661') in 0.029550 seconds 
  Import took 0.035253 seconds .

========================================================================
Received Import Request.
  Time since last request: 0.000367 seconds.
  path: Assets/living birds/Materials-Textures/sparrowDiffuse.png
  artifactKey: Guid(dfd57f2859429594db9442c768ce7e8b) Importer(815301076,1909f56bfc062723c751e8b465ee728b)
Start importing Assets/living birds/Materials-Textures/sparrowDiffuse.png using Guid(dfd57f2859429594db9442c768ce7e8b) Importer(815301076,1909f56bfc062723c751e8b465ee728b)  -> (artifact id: '0dea05809053e6be8e5d749b6b32b404') in 0.026373 seconds 
  Import took 0.031350 seconds .

========================================================================
Received Import Request.
  Time since last request: 0.000252 seconds.
  path: Assets/living birds/Materials-Textures/robinDiffuseAlpha.png
  artifactKey: Guid(82a7a5ed31a69404fa66a30e7e7dd9b8) Importer(815301076,1909f56bfc062723c751e8b465ee728b)
Start importing Assets/living birds/Materials-Textures/robinDiffuseAlpha.png using Guid(82a7a5ed31a69404fa66a30e7e7dd9b8) Importer(815301076,1909f56bfc062723c751e8b465ee728b)  -> (artifact id: '811ac6f0370f2c90ee68c854497defc9') in 0.029055 seconds 
  Import took 0.034140 seconds .

========================================================================
Received Import Request.
  Time since last request: 0.000302 seconds.
  path: Assets/living birds/Materials-Textures/crowDiffuse.png
  artifactKey: Guid(8e5481a3ce647014c8df18fc9532d71b) Importer(815301076,1909f56bfc062723c751e8b465ee728b)
Start importing Assets/living birds/Materials-Textures/crowDiffuse.png using Guid(8e5481a3ce647014c8df18fc9532d71b) Importer(815301076,1909f56bfc062723c751e8b465ee728b)  -> (artifact id: '7bd0b13689134718368ead8b42b796b2') in 0.022310 seconds 
  Import took 0.029094 seconds .

========================================================================
Received Import Request.
  Time since last request: 0.000360 seconds.
  path: Assets/living birds/Materials-Textures/sparrowMaterialHQ.mat
  artifactKey: Guid(ec1609838064079448d189c811b4d3d3) Importer(815301076,1909f56bfc062723c751e8b465ee728b)
Start importing Assets/living birds/Materials-Textures/sparrowMaterialHQ.mat using Guid(ec1609838064079448d189c811b4d3d3) Importer(815301076,1909f56bfc062723c751e8b465ee728b)  -> (artifact id: 'b916161076f0be1d4d950b87274eea29') in 0.027143 seconds 
  Import took 0.033046 seconds .

========================================================================
Received Import Request.
  Time since last request: 0.000266 seconds.
  path: Assets/living birds/Materials-Textures/chickadeeDiffuse.png
  artifactKey: Guid(4ae1274fed4285e49a9f2b4b037eb737) Importer(815301076,1909f56bfc062723c751e8b465ee728b)
Start importing Assets/living birds/Materials-Textures/chickadeeDiffuse.png using Guid(4ae1274fed4285e49a9f2b4b037eb737) Importer(815301076,1909f56bfc062723c751e8b465ee728b)  -> (artifact id: '3d8b1f043e12309d091ac0a115a1bec9') in 0.024762 seconds 
  Import took 0.030439 seconds .

========================================================================
Received Import Request.
  Time since last request: 0.000276 seconds.
  path: Assets/living birds/Materials-Textures/chickadeeMaterialHQ.mat
  artifactKey: Guid(f7a396734b770b24b86310e38388e11a) Importer(815301076,1909f56bfc062723c751e8b465ee728b)
Start importing Assets/living birds/Materials-Textures/chickadeeMaterialHQ.mat using Guid(f7a396734b770b24b86310e38388e11a) Importer(815301076,1909f56bfc062723c751e8b465ee728b)  -> (artifact id: 'f9babd07400fbabbdb716bd699b732c2') in 0.027239 seconds 
  Import took 0.033983 seconds .

========================================================================
Received Import Request.
  Time since last request: 0.000216 seconds.
  path: Assets/living birds/Materials-Textures/crowMaterial.mat
  artifactKey: Guid(d0d4a67853aabd34c87abfa0fd43b68c) Importer(815301076,1909f56bfc062723c751e8b465ee728b)
Start importing Assets/living birds/Materials-Textures/crowMaterial.mat using Guid(d0d4a67853aabd34c87abfa0fd43b68c) Importer(815301076,1909f56bfc062723c751e8b465ee728b)  -> (artifact id: 'a5a10c1cbfa6d5b2965309c921d0c20d') in 0.170101 seconds 
  Import took 0.174727 seconds .

========================================================================
Received Import Request.
  Time since last request: 0.000237 seconds.
  path: Assets/living birds/Materials-Textures/goldFinchMaterialHQ.mat
  artifactKey: Guid(c1a884dfa8f21d4488faae471c05bf9c) Importer(815301076,1909f56bfc062723c751e8b465ee728b)
Start importing Assets/living birds/Materials-Textures/goldFinchMaterialHQ.mat using Guid(c1a884dfa8f21d4488faae471c05bf9c) Importer(815301076,1909f56bfc062723c751e8b465ee728b)  -> (artifact id: '7b0a46136c9990537e4506aaa019fe56') in 0.029271 seconds 
  Import took 0.033540 seconds .

========================================================================
Received Import Request.
  Time since last request: 0.000268 seconds.
  path: Assets/living birds/Materials-Textures/feather.tif
  artifactKey: Guid(c7cfb4e1631c6184c85cd7f4ef71287c) Importer(815301076,1909f56bfc062723c751e8b465ee728b)
Start importing Assets/living birds/Materials-Textures/feather.tif using Guid(c7cfb4e1631c6184c85cd7f4ef71287c) Importer(815301076,1909f56bfc062723c751e8b465ee728b)  -> (artifact id: '0d323b704b66a8e821467f7fd1029249') in 0.030121 seconds 
  Import took 0.035588 seconds .

========================================================================
Received Import Request.
  Time since last request: 0.000231 seconds.
  path: Assets/living birds/Materials-Textures/chickadeeDiffuseAlpha.png
  artifactKey: Guid(410ef23c4191e0c4fa3dbb054748c4fb) Importer(815301076,1909f56bfc062723c751e8b465ee728b)
Start importing Assets/living birds/Materials-Textures/chickadeeDiffuseAlpha.png using Guid(410ef23c4191e0c4fa3dbb054748c4fb) Importer(815301076,1909f56bfc062723c751e8b465ee728b)  -> (artifact id: '8f4096719234da531b07f6adf3697dba') in 0.037162 seconds 
  Import took 0.042369 seconds .

========================================================================
Received Import Request.
  Time since last request: 0.000216 seconds.
  path: Assets/living birds/Materials-Textures/chickadeeMaterial.mat
  artifactKey: Guid(9593f1cc3673e8f4e8708e2195bbf20c) Importer(815301076,1909f56bfc062723c751e8b465ee728b)
Start importing Assets/living birds/Materials-Textures/chickadeeMaterial.mat using Guid(9593f1cc3673e8f4e8708e2195bbf20c) Importer(815301076,1909f56bfc062723c751e8b465ee728b)  -> (artifact id: 'bd61e899f40beac2780eed4413132953') in 0.026978 seconds 
  Import took 0.031856 seconds .

========================================================================
Received Import Request.
  Time since last request: 0.000244 seconds.
  path: Assets/living birds/Materials-Textures/blueJayDIffuseAlpha.png
  artifactKey: Guid(586d714af0e83284da0c05b78818dbcd) Importer(815301076,1909f56bfc062723c751e8b465ee728b)
Start importing Assets/living birds/Materials-Textures/blueJayDIffuseAlpha.png using Guid(586d714af0e83284da0c05b78818dbcd) Importer(815301076,1909f56bfc062723c751e8b465ee728b)  -> (artifact id: '35a6365db11e9577e17923f5c860ae32') in 0.025727 seconds 
  Import took 0.031087 seconds .

========================================================================
Received Import Request.
  Time since last request: 0.000222 seconds.
  path: Assets/living birds/Materials-Textures/sparrowDiffuseAlpha.png
  artifactKey: Guid(dc65ba23391d05c42800bf1322c4506e) Importer(815301076,1909f56bfc062723c751e8b465ee728b)
Start importing Assets/living birds/Materials-Textures/sparrowDiffuseAlpha.png using Guid(dc65ba23391d05c42800bf1322c4506e) Importer(815301076,1909f56bfc062723c751e8b465ee728b)  -> (artifact id: '075c4e0246d4e95bd9fd39b644c2b8d3') in 0.025140 seconds 
  Import took 0.030116 seconds .

========================================================================
Received Import Request.
  Time since last request: 0.000205 seconds.
  path: Assets/living birds/Materials-Textures/featherParticle.png
  artifactKey: Guid(6728690dc6b33c444bfff26af4af55b7) Importer(815301076,1909f56bfc062723c751e8b465ee728b)
Start importing Assets/living birds/Materials-Textures/featherParticle.png using Guid(6728690dc6b33c444bfff26af4af55b7) Importer(815301076,1909f56bfc062723c751e8b465ee728b)  -> (artifact id: '1b9c3ed501d46df281bd41aed7de18ff') in 0.033607 seconds 
  Import took 0.041444 seconds .

========================================================================
Received Import Request.
  Time since last request: 0.000242 seconds.
  path: Assets/living birds/Materials-Textures/crowDiffuseAlpha.png
  artifactKey: Guid(de2ac8014b8c97c4e87efdf2597c7a1a) Importer(815301076,1909f56bfc062723c751e8b465ee728b)
Start importing Assets/living birds/Materials-Textures/crowDiffuseAlpha.png using Guid(de2ac8014b8c97c4e87efdf2597c7a1a) Importer(815301076,1909f56bfc062723c751e8b465ee728b)  -> (artifact id: 'bee42757bffad776e7f3f00b61d73a7a') in 0.037803 seconds 
  Import took 0.047174 seconds .

========================================================================
Received Import Request.
  Time since last request: 0.000239 seconds.
  path: Assets/living birds/Materials-Textures/robinDiffuse.png
  artifactKey: Guid(9997adc999aa5a6438387a05699f5ba8) Importer(815301076,1909f56bfc062723c751e8b465ee728b)
Start importing Assets/living birds/Materials-Textures/robinDiffuse.png using Guid(9997adc999aa5a6438387a05699f5ba8) Importer(815301076,1909f56bfc062723c751e8b465ee728b)  -> (artifact id: 'd702cb11a8a2e024046d13a899c55f6a') in 0.033135 seconds 
  Import took 0.038819 seconds .

========================================================================
Received Import Request.
  Time since last request: 0.000207 seconds.
  path: Assets/living birds/Materials-Textures/robinMaterial.mat
  artifactKey: Guid(9cc778d5dda0a1a4c8a49555bf38e106) Importer(815301076,1909f56bfc062723c751e8b465ee728b)
Start importing Assets/living birds/Materials-Textures/robinMaterial.mat using Guid(9cc778d5dda0a1a4c8a49555bf38e106) Importer(815301076,1909f56bfc062723c751e8b465ee728b)  -> (artifact id: 'c3764b3d5b18455f2deddaf946c7d32b') in 0.026149 seconds 
  Import took 0.031046 seconds .

========================================================================
Received Import Request.
  Time since last request: 0.000294 seconds.
  path: Assets/living birds/Materials-Textures/cardinalMaterialHQ.mat
  artifactKey: Guid(d1b87827ab4dd684d83e0aa78759e0bd) Importer(815301076,1909f56bfc062723c751e8b465ee728b)
Start importing Assets/living birds/Materials-Textures/cardinalMaterialHQ.mat using Guid(d1b87827ab4dd684d83e0aa78759e0bd) Importer(815301076,1909f56bfc062723c751e8b465ee728b)  -> (artifact id: '39c8b7e7bb46b09eeef4955d1e3c6723') in 0.025556 seconds 
  Import took 0.030852 seconds .

========================================================================
Received Import Request.
  Time since last request: 0.000211 seconds.
  path: Assets/living birds/Materials-Textures/cardinalMaterial.mat
  artifactKey: Guid(aae7627a8ea8a954d9d1fd75fe35f56b) Importer(815301076,1909f56bfc062723c751e8b465ee728b)
Start importing Assets/living birds/Materials-Textures/cardinalMaterial.mat using Guid(aae7627a8ea8a954d9d1fd75fe35f56b) Importer(815301076,1909f56bfc062723c751e8b465ee728b)  -> (artifact id: '04b7ddc00219aa22e3e2c0e34eba2f7f') in 0.026296 seconds 
  Import took 0.032314 seconds .

========================================================================
Received Import Request.
  Time since last request: 0.000231 seconds.
  path: Assets/living birds/Materials-Textures/sparrowMaterial.mat
  artifactKey: Guid(f0fc484a5791de64ebaebef058070013) Importer(815301076,1909f56bfc062723c751e8b465ee728b)
Start importing Assets/living birds/Materials-Textures/sparrowMaterial.mat using Guid(f0fc484a5791de64ebaebef058070013) Importer(815301076,1909f56bfc062723c751e8b465ee728b)  -> (artifact id: '0f3696826783b1f3719da78e86ff7da1') in 0.025301 seconds 
  Import took 0.031173 seconds .

========================================================================
Received Import Request.
  Time since last request: 0.000241 seconds.
  path: Assets/living birds/Materials-Textures/feather.psd
  artifactKey: Guid(2e2aef06912a39144857b8b81d53d078) Importer(815301076,1909f56bfc062723c751e8b465ee728b)
Start importing Assets/living birds/Materials-Textures/feather.psd using Guid(2e2aef06912a39144857b8b81d53d078) Importer(815301076,1909f56bfc062723c751e8b465ee728b)  -> (artifact id: 'c4e5be3a81df8b0991b13728bd9712f9') in 0.021149 seconds 
  Import took 0.025881 seconds .

========================================================================
Received Import Request.
  Time since last request: 0.000233 seconds.
  path: Assets/living birds/Materials-Textures/featherParticle.mat
  artifactKey: Guid(f422776abc6222a48ac114ad4eeea0cd) Importer(815301076,1909f56bfc062723c751e8b465ee728b)
Start importing Assets/living birds/Materials-Textures/featherParticle.mat using Guid(f422776abc6222a48ac114ad4eeea0cd) Importer(815301076,1909f56bfc062723c751e8b465ee728b)  -> (artifact id: '7476a6f14c2713f89881de2372f63e01') in 0.059571 seconds 
  Import took 0.064661 seconds .

========================================================================
Received Import Request.
  Time since last request: 5.866884 seconds.
  path: Assets/living birds/prefabs/_livingBirdsController.prefab
  artifactKey: Guid(1ca5316dd08051f42b31052d31beefed) Importer(815301076,1909f56bfc062723c751e8b465ee728b)
Start importing Assets/living birds/prefabs/_livingBirdsController.prefab using Guid(1ca5316dd08051f42b31052d31beefed) Importer(815301076,1909f56bfc062723c751e8b465ee728b)  -> (artifact id: '8e1569410f082c3f8a1d145668d9c4bb') in 0.017389 seconds 
  Import took 0.022284 seconds .

========================================================================
Received Import Request.
  Time since last request: 0.000225 seconds.
  path: Assets/living birds/prefabs/lb_groundTarget.prefab
  artifactKey: Guid(31f99d16c6cf30d408b04dcec6f5a857) Importer(815301076,1909f56bfc062723c751e8b465ee728b)
Start importing Assets/living birds/prefabs/lb_groundTarget.prefab using Guid(31f99d16c6cf30d408b04dcec6f5a857) Importer(815301076,1909f56bfc062723c751e8b465ee728b)  -> (artifact id: '104508388e30700c6ba7b6e994355869') in 0.029392 seconds 
  Import took 0.034355 seconds .

========================================================================
Received Import Request.
  Time since last request: 0.000287 seconds.
  path: Assets/living birds/prefabs/lc_perchTarget.prefab
  artifactKey: Guid(b36b248dac73de241981c4b3ed591677) Importer(815301076,1909f56bfc062723c751e8b465ee728b)
Start importing Assets/living birds/prefabs/lc_perchTarget.prefab using Guid(b36b248dac73de241981c4b3ed591677) Importer(815301076,1909f56bfc062723c751e8b465ee728b)  -> (artifact id: 'f8c668a33817a2b4fcec6ed6d9e26049') in 0.017261 seconds 
  Import took 0.024138 seconds .

========================================================================
Received Import Request.
  Time since last request: 0.445961 seconds.
  path: Assets/living birds/resources/featherEmitter.prefab
  artifactKey: Guid(caf9ed1b35da9be4ca771c1c07c070cf) Importer(815301076,1909f56bfc062723c751e8b465ee728b)
Start importing Assets/living birds/resources/featherEmitter.prefab using Guid(caf9ed1b35da9be4ca771c1c07c070cf) Importer(815301076,1909f56bfc062723c751e8b465ee728b)  -> (artifact id: 'fa7891fb7d7dda1de8732914ac405565') in 0.026120 seconds 
  Import took 0.031933 seconds .

========================================================================
Received Import Request.
  Time since last request: 0.000221 seconds.
  path: Assets/living birds/resources/lb_crowHQ.prefab
  artifactKey: Guid(459aeb780b3c43748b5a2bb13e1809c8) Importer(815301076,1909f56bfc062723c751e8b465ee728b)
Start importing Assets/living birds/resources/lb_crowHQ.prefab using Guid(459aeb780b3c43748b5a2bb13e1809c8) Importer(815301076,1909f56bfc062723c751e8b465ee728b)  -> (artifact id: '98dfde588e7339a738388bad1655a302') in 0.078260 seconds 
  Import took 0.086950 seconds .

========================================================================
Received Import Request.
  Time since last request: 0.000233 seconds.
  path: Assets/living birds/resources/lb_goldFinchHQ.prefab
  artifactKey: Guid(40ba60a1fcd52884f8878990bd8dd37e) Importer(815301076,1909f56bfc062723c751e8b465ee728b)
Start importing Assets/living birds/resources/lb_goldFinchHQ.prefab using Guid(40ba60a1fcd52884f8878990bd8dd37e) Importer(815301076,1909f56bfc062723c751e8b465ee728b)  -> (artifact id: 'e013442c5c72375418248816ce9aa047') in 0.072949 seconds 
  Import took 0.080401 seconds .

========================================================================
Received Import Request.
  Time since last request: 0.000229 seconds.
  path: Assets/living birds/resources/lb_cardinal.prefab
  artifactKey: Guid(5f38a05f6440d154495172bd3da87d55) Importer(815301076,1909f56bfc062723c751e8b465ee728b)
Start importing Assets/living birds/resources/lb_cardinal.prefab using Guid(5f38a05f6440d154495172bd3da87d55) Importer(815301076,1909f56bfc062723c751e8b465ee728b)  -> (artifact id: 'bc66e8b9a5929db86ae578ff76e1cbdb') in 0.079192 seconds 
  Import took 0.085958 seconds .

========================================================================
Received Import Request.
  Time since last request: 0.000213 seconds.
  path: Assets/living birds/resources/lb_robinHQ.prefab
  artifactKey: Guid(91da67b32e5c13648a459e093ac1acb6) Importer(815301076,1909f56bfc062723c751e8b465ee728b)
Start importing Assets/living birds/resources/lb_robinHQ.prefab using Guid(91da67b32e5c13648a459e093ac1acb6) Importer(815301076,1909f56bfc062723c751e8b465ee728b)  -> (artifact id: '434bd9cfeaec5ab25259615702ebbf90') in 0.076487 seconds 
  Import took 0.083488 seconds .

========================================================================
Received Import Request.
  Time since last request: 0.000297 seconds.
  path: Assets/living birds/resources/lb_blueJay.prefab
  artifactKey: Guid(7b7d8539cdecdd94ba53e8af65a526f6) Importer(815301076,1909f56bfc062723c751e8b465ee728b)
Start importing Assets/living birds/resources/lb_blueJay.prefab using Guid(7b7d8539cdecdd94ba53e8af65a526f6) Importer(815301076,1909f56bfc062723c751e8b465ee728b)  -> (artifact id: 'af28794625490405934efd149e7250f6') in 0.074143 seconds 
  Import took 0.082831 seconds .

========================================================================
Received Import Request.
  Time since last request: 0.000292 seconds.
  path: Assets/living birds/resources/lb_crow.prefab
  artifactKey: Guid(3a5320db60c4f694f9724f4273599524) Importer(815301076,1909f56bfc062723c751e8b465ee728b)
Start importing Assets/living birds/resources/lb_crow.prefab using Guid(3a5320db60c4f694f9724f4273599524) Importer(815301076,1909f56bfc062723c751e8b465ee728b)  -> (artifact id: 'b909309ecbf7a58f7e5927b1ef213293') in 0.099165 seconds 
  Import took 0.109193 seconds .

========================================================================
Received Import Request.
  Time since last request: 0.000414 seconds.
  path: Assets/living birds/resources/lb_blueJayHQ.prefab
  artifactKey: Guid(040770b1b5d24ef48be3b2b48353c1ff) Importer(815301076,1909f56bfc062723c751e8b465ee728b)
Start importing Assets/living birds/resources/lb_blueJayHQ.prefab using Guid(040770b1b5d24ef48be3b2b48353c1ff) Importer(815301076,1909f56bfc062723c751e8b465ee728b)  -> (artifact id: '28bed04655bdf3a36ea9fffdd27b22cf') in 0.198048 seconds 
  Import took 0.207674 seconds .

========================================================================
Received Import Request.
  Time since last request: 0.000293 seconds.
  path: Assets/living birds/resources/lb_goldFinch.prefab
  artifactKey: Guid(3f8d557d5878aef44954b96159c4292a) Importer(815301076,1909f56bfc062723c751e8b465ee728b)
Start importing Assets/living birds/resources/lb_goldFinch.prefab using Guid(3f8d557d5878aef44954b96159c4292a) Importer(815301076,1909f56bfc062723c751e8b465ee728b)  -> (artifact id: '7ed5cb11cc5496a7d320171a59e8654d') in 0.096689 seconds 
  Import took 0.106392 seconds .

========================================================================
Received Import Request.
  Time since last request: 0.000226 seconds.
  path: Assets/living birds/resources/lb_sparrow.prefab
  artifactKey: Guid(c42b8d643b928594d8e92b17b63dfe06) Importer(815301076,1909f56bfc062723c751e8b465ee728b)
Start importing Assets/living birds/resources/lb_sparrow.prefab using Guid(c42b8d643b928594d8e92b17b63dfe06) Importer(815301076,1909f56bfc062723c751e8b465ee728b)  -> (artifact id: 'd3d6c8811fd3fd26c3f1708ce1434720') in 0.074547 seconds 
  Import took 0.081818 seconds .

========================================================================
Received Import Request.
  Time since last request: 0.000240 seconds.
  path: Assets/living birds/resources/lb_chickadeeHQ.prefab
  artifactKey: Guid(7d394b5ffd1a15943aae17fcdd87bea9) Importer(815301076,1909f56bfc062723c751e8b465ee728b)
Start importing Assets/living birds/resources/lb_chickadeeHQ.prefab using Guid(7d394b5ffd1a15943aae17fcdd87bea9) Importer(815301076,1909f56bfc062723c751e8b465ee728b)  -> (artifact id: 'b9a9681d7f46751811034b32db6c30e7') in 0.087459 seconds 
  Import took 0.096607 seconds .

========================================================================
Received Import Request.
  Time since last request: 0.000233 seconds.
  path: Assets/living birds/resources/lb_robin.prefab
  artifactKey: Guid(d8d99f64bd34ecd4b83a752e630e4ba5) Importer(815301076,1909f56bfc062723c751e8b465ee728b)
Start importing Assets/living birds/resources/lb_robin.prefab using Guid(d8d99f64bd34ecd4b83a752e630e4ba5) Importer(815301076,1909f56bfc062723c751e8b465ee728b)  -> (artifact id: 'b94f0d15e2435bc5c52499d6fce99190') in 0.069938 seconds 
  Import took 0.077649 seconds .

========================================================================
Received Import Request.
  Time since last request: 0.000239 seconds.
  path: Assets/living birds/resources/lb_cardinalHQ.prefab
  artifactKey: Guid(5a7612e645ba26a43a6483249999e907) Importer(815301076,1909f56bfc062723c751e8b465ee728b)
Start importing Assets/living birds/resources/lb_cardinalHQ.prefab using Guid(5a7612e645ba26a43a6483249999e907) Importer(815301076,1909f56bfc062723c751e8b465ee728b)  -> (artifact id: '387aa64a7a9c6f8293565926c59b6641') in 0.069467 seconds 
  Import took 0.078022 seconds .

========================================================================
Received Import Request.
  Time since last request: 0.000244 seconds.
  path: Assets/living birds/resources/lb_chickadee.prefab
  artifactKey: Guid(d7bf5fc6800d56b459109410ec6a0510) Importer(815301076,1909f56bfc062723c751e8b465ee728b)
Start importing Assets/living birds/resources/lb_chickadee.prefab using Guid(d7bf5fc6800d56b459109410ec6a0510) Importer(815301076,1909f56bfc062723c751e8b465ee728b)  -> (artifact id: 'ffa8d9d78e397cc4491c24cb9ca07477') in 0.074082 seconds 
  Import took 0.081503 seconds .

========================================================================
Received Import Request.
  Time since last request: 0.000231 seconds.
  path: Assets/living birds/resources/lb_sparrowHQ.prefab
  artifactKey: Guid(ade6a9cba6f7bc242b5cc6c1b8769677) Importer(815301076,1909f56bfc062723c751e8b465ee728b)
Start importing Assets/living birds/resources/lb_sparrowHQ.prefab using Guid(ade6a9cba6f7bc242b5cc6c1b8769677) Importer(815301076,1909f56bfc062723c751e8b465ee728b)  -> (artifact id: 'cd3b225dfd3eae33879a7c7e7ca33820') in 0.078731 seconds 
  Import took 0.087166 seconds .

========================================================================
Received Import Request.
  Time since last request: 65.635373 seconds.
  path: Assets/Prefabs/bird@flyStraight.prefab
  artifactKey: Guid(d67f248767c81c24e840fcd0fe2ff3b0) Importer(815301076,1909f56bfc062723c751e8b465ee728b)
Start importing Assets/Prefabs/bird@flyStraight.prefab using Guid(d67f248767c81c24e840fcd0fe2ff3b0) Importer(815301076,1909f56bfc062723c751e8b465ee728b)  -> (artifact id: 'f9fb9dcdafb78755cbb915a395895071') in 0.071995 seconds 
  Import took 0.078503 seconds .

========================================================================
Received Import Request.
  Time since last request: 19.506548 seconds.
  path: Assets/living birds/scripts/lb_Bird.cs
  artifactKey: Guid(2a58512123bcd224eb61112b203e6413) Importer(815301076,1909f56bfc062723c751e8b465ee728b)
Start importing Assets/living birds/scripts/lb_Bird.cs using Guid(2a58512123bcd224eb61112b203e6413) Importer(815301076,1909f56bfc062723c751e8b465ee728b)  -> (artifact id: '4311cda7fec3c27d4a57e07eac817a28') in 0.010184 seconds 
  Import took 0.015799 seconds .

========================================================================
Received Import Request.
  Time since last request: 0.464710 seconds.
  path: Assets/living birds/scripts/lb_BirdController.cs
  artifactKey: Guid(35acec13e92dc0846a893a2496fea9f9) Importer(815301076,1909f56bfc062723c751e8b465ee728b)
Start importing Assets/living birds/scripts/lb_BirdController.cs using Guid(35acec13e92dc0846a893a2496fea9f9) Importer(815301076,1909f56bfc062723c751e8b465ee728b)  -> (artifact id: 'cf09b4c67f9b4419b81b0d5b3f9afd0d') in 0.011472 seconds 
  Import took 0.016409 seconds .

========================================================================
Received Import Request.
  Time since last request: 1.670188 seconds.
  path: Assets/living birds/scripts/lb_CrowProximity.cs
  artifactKey: Guid(92a84cd7d0b8fdd4ea5b7054a6649a37) Importer(815301076,1909f56bfc062723c751e8b465ee728b)
Start importing Assets/living birds/scripts/lb_CrowProximity.cs using Guid(92a84cd7d0b8fdd4ea5b7054a6649a37) Importer(815301076,1909f56bfc062723c751e8b465ee728b)  -> (artifact id: '846b7063e442793b70798ff5a98c20d8') in 0.012416 seconds 
  Import took 0.017894 seconds .

========================================================================
Received Import Request.
  Time since last request: 5.410450 seconds.
  path: Assets/living birds/sounds/blueJay.wav
  artifactKey: Guid(e868c18d4e0b5ab45af52645c6680844) Importer(815301076,1909f56bfc062723c751e8b465ee728b)
Start importing Assets/living birds/sounds/blueJay.wav using Guid(e868c18d4e0b5ab45af52645c6680844) Importer(815301076,1909f56bfc062723c751e8b465ee728b)  -> (artifact id: '8a84bb132772d7eab3c325e701391317') in 0.052715 seconds 
  Import took 0.058502 seconds .

========================================================================
Received Import Request.
  Time since last request: 0.000242 seconds.
  path: Assets/living birds/sounds/crow1.wav
  artifactKey: Guid(e2622b95524aab94b9a0448a1a4c6fc8) Importer(815301076,1909f56bfc062723c751e8b465ee728b)
Start importing Assets/living birds/sounds/crow1.wav using Guid(e2622b95524aab94b9a0448a1a4c6fc8) Importer(815301076,1909f56bfc062723c751e8b465ee728b)  -> (artifact id: 'cd09b007abdea04a59148456f0a48741') in 0.027897 seconds 
  Import took 0.032745 seconds .

========================================================================
Received Import Request.
  Time since last request: 0.000235 seconds.
  path: Assets/living birds/sounds/chickadee2.wav
  artifactKey: Guid(caa203e8241140740b1aa36136e06c7c) Importer(815301076,1909f56bfc062723c751e8b465ee728b)
Start importing Assets/living birds/sounds/chickadee2.wav using Guid(caa203e8241140740b1aa36136e06c7c) Importer(815301076,1909f56bfc062723c751e8b465ee728b)  -> (artifact id: '93b27e99d35532fd443e9d2a294bcec6') in 0.031665 seconds 
  Import took 0.037132 seconds .

========================================================================
Received Import Request.
  Time since last request: 0.000238 seconds.
  path: Assets/living birds/sounds/chickadee.wav
  artifactKey: Guid(fce07fb9ee1c4e8469eb3dd0106a9214) Importer(815301076,1909f56bfc062723c751e8b465ee728b)
Start importing Assets/living birds/sounds/chickadee.wav using Guid(fce07fb9ee1c4e8469eb3dd0106a9214) Importer(815301076,1909f56bfc062723c751e8b465ee728b)  -> (artifact id: '8ddbdb75cd110314549abe374fe96e2d') in 0.028737 seconds 
  Import took 0.033308 seconds .

========================================================================
Received Import Request.
  Time since last request: 0.000226 seconds.
  path: Assets/living birds/sounds/robin.wav
  artifactKey: Guid(a2c080251f6238942b88f8fb392b20ee) Importer(815301076,1909f56bfc062723c751e8b465ee728b)
Start importing Assets/living birds/sounds/robin.wav using Guid(a2c080251f6238942b88f8fb392b20ee) Importer(815301076,1909f56bfc062723c751e8b465ee728b)  -> (artifact id: '6f943c63fe2c0186226e196e1d3317a9') in 0.022639 seconds 
  Import took 0.027276 seconds .

========================================================================
Received Import Request.
  Time since last request: 0.000248 seconds.
  path: Assets/living birds/sounds/blueJay2.wav
  artifactKey: Guid(e6209958387973947b669517c6c76460) Importer(815301076,1909f56bfc062723c751e8b465ee728b)
Start importing Assets/living birds/sounds/blueJay2.wav using Guid(e6209958387973947b669517c6c76460) Importer(815301076,1909f56bfc062723c751e8b465ee728b)  -> (artifact id: 'ddd8dd69f727633e547282d7b3efca4c') in 0.032254 seconds 
  Import took 0.037967 seconds .

========================================================================
Received Import Request.
  Time since last request: 0.000225 seconds.
  path: Assets/living birds/sounds/sparrow2.wav
  artifactKey: Guid(cdd2bf3db646249429213541df377729) Importer(815301076,1909f56bfc062723c751e8b465ee728b)
Start importing Assets/living birds/sounds/sparrow2.wav using Guid(cdd2bf3db646249429213541df377729) Importer(815301076,1909f56bfc062723c751e8b465ee728b)  -> (artifact id: '82efd9ba9f4bad34ea3d12d4cefaf41a') in 0.026505 seconds 
  Import took 0.032221 seconds .

========================================================================
Received Import Request.
  Time since last request: 0.000228 seconds.
  path: Assets/living birds/sounds/flyAway1.wav
  artifactKey: Guid(9dabaef0cd2ecb241956e3db52d3bc8d) Importer(815301076,1909f56bfc062723c751e8b465ee728b)
Start importing Assets/living birds/sounds/flyAway1.wav using Guid(9dabaef0cd2ecb241956e3db52d3bc8d) Importer(815301076,1909f56bfc062723c751e8b465ee728b)  -> (artifact id: '66d3c9478788ba5db9e7fa2e7fd369e9') in 0.026397 seconds 
  Import took 0.031868 seconds .

========================================================================
Received Import Request.
  Time since last request: 0.000235 seconds.
  path: Assets/living birds/sounds/crow2.wav
  artifactKey: Guid(aa29893140715234fa4c6f0f17bc3d88) Importer(815301076,1909f56bfc062723c751e8b465ee728b)
Start importing Assets/living birds/sounds/crow2.wav using Guid(aa29893140715234fa4c6f0f17bc3d88) Importer(815301076,1909f56bfc062723c751e8b465ee728b)  -> (artifact id: '6aa42083c3d9aba5a43a2db90abcad06') in 0.026988 seconds 
  Import took 0.032596 seconds .

========================================================================
Received Import Request.
  Time since last request: 0.000221 seconds.
  path: Assets/living birds/sounds/cardinal2.wav
  artifactKey: Guid(88cd66932850c6c4fbbb742ec868491b) Importer(815301076,1909f56bfc062723c751e8b465ee728b)
Start importing Assets/living birds/sounds/cardinal2.wav using Guid(88cd66932850c6c4fbbb742ec868491b) Importer(815301076,1909f56bfc062723c751e8b465ee728b)  -> (artifact id: '5080ca7a697e50998556fd1fe3af1411') in 0.027508 seconds 
  Import took 0.034212 seconds .

========================================================================
Received Import Request.
  Time since last request: 0.000252 seconds.
  path: Assets/living birds/sounds/finch.wav
  artifactKey: Guid(d261fcef075d71040aaa5ec709db8012) Importer(815301076,1909f56bfc062723c751e8b465ee728b)
Start importing Assets/living birds/sounds/finch.wav using Guid(d261fcef075d71040aaa5ec709db8012) Importer(815301076,1909f56bfc062723c751e8b465ee728b)  -> (artifact id: '54a5081022a383a4f13f4c5c89af65dd') in 0.023844 seconds 
  Import took 0.029050 seconds .

========================================================================
Received Import Request.
  Time since last request: 0.000219 seconds.
  path: Assets/living birds/sounds/cardinal.wav
  artifactKey: Guid(148e954901f21104a960804e72ae599b) Importer(815301076,1909f56bfc062723c751e8b465ee728b)
Start importing Assets/living birds/sounds/cardinal.wav using Guid(148e954901f21104a960804e72ae599b) Importer(815301076,1909f56bfc062723c751e8b465ee728b)  -> (artifact id: '5328548124ec225f430d46e95d3925b3') in 0.020671 seconds 
  Import took 0.026167 seconds .

========================================================================
Received Import Request.
  Time since last request: 0.000273 seconds.
  path: Assets/living birds/sounds/robin2.wav
  artifactKey: Guid(5c959748375d8b94a8a0c18cdfd02c9f) Importer(815301076,1909f56bfc062723c751e8b465ee728b)
Start importing Assets/living birds/sounds/robin2.wav using Guid(5c959748375d8b94a8a0c18cdfd02c9f) Importer(815301076,1909f56bfc062723c751e8b465ee728b)  -> (artifact id: 'c7ef745e9367886e972a51418c08bf58') in 0.026352 seconds 
  Import took 0.031057 seconds .

========================================================================
Received Import Request.
  Time since last request: 0.000263 seconds.
  path: Assets/living birds/sounds/sparrow.wav
  artifactKey: Guid(ba9e76e40d5f827458e3d17460e6232c) Importer(815301076,1909f56bfc062723c751e8b465ee728b)
Start importing Assets/living birds/sounds/sparrow.wav using Guid(ba9e76e40d5f827458e3d17460e6232c) Importer(815301076,1909f56bfc062723c751e8b465ee728b)  -> (artifact id: 'f7714e5542f6fc62c57be5157522962c') in 0.023980 seconds 
  Import took 0.029532 seconds .

========================================================================
Received Import Request.
  Time since last request: 0.000206 seconds.
  path: Assets/living birds/sounds/finch2.wav
  artifactKey: Guid(cb56b2933741ce44287d80a49e94a1cc) Importer(815301076,1909f56bfc062723c751e8b465ee728b)
Start importing Assets/living birds/sounds/finch2.wav using Guid(cb56b2933741ce44287d80a49e94a1cc) Importer(815301076,1909f56bfc062723c751e8b465ee728b)  -> (artifact id: 'e9858a5ff5d225712b4c96934c85f7fb') in 0.024326 seconds 
  Import took 0.028974 seconds .

========================================================================
Received Import Request.
  Time since last request: 0.000208 seconds.
  path: Assets/living birds/sounds/flyAway2.wav
  artifactKey: Guid(ae13220b2fee67344b8b455414c59ff4) Importer(815301076,1909f56bfc062723c751e8b465ee728b)
Start importing Assets/living birds/sounds/flyAway2.wav using Guid(ae13220b2fee67344b8b455414c59ff4) Importer(815301076,1909f56bfc062723c751e8b465ee728b)  -> (artifact id: 'ae847bf6e4bd04cf25959c6c3d698226') in 0.023127 seconds 
  Import took 0.028720 seconds .

========================================================================
Received Import Request.
  Time since last request: 31.893694 seconds.
  path: Assets/Prefabs/BirdPrefab.prefab
  artifactKey: Guid(d67f248767c81c24e840fcd0fe2ff3b0) Importer(815301076,1909f56bfc062723c751e8b465ee728b)
Start importing Assets/Prefabs/BirdPrefab.prefab using Guid(d67f248767c81c24e840fcd0fe2ff3b0) Importer(815301076,1909f56bfc062723c751e8b465ee728b)  -> (artifact id: 'dac0b447c018a0e0a3861d54b1293a56') in 0.070753 seconds 
  Import took 0.080821 seconds .

========================================================================
Received Import Request.
  Time since last request: 199.525096 seconds.
  path: Assets/Script
  artifactKey: Guid(82fbef040d25b91409534188a13e72f2) Importer(815301076,1909f56bfc062723c751e8b465ee728b)
Start importing Assets/Script using Guid(82fbef040d25b91409534188a13e72f2) Importer(815301076,1909f56bfc062723c751e8b465ee728b)  -> (artifact id: 'f91b16aaa78a99103c4bf925e496ce8f') in 0.020537 seconds 
  Import took 0.026899 seconds .

========================================================================
Received Import Request.
  Time since last request: 64.397073 seconds.
  path: Assets/Script/ApplicationManager.cs
  artifactKey: Guid(753dcedbcf53236479bbb3c64a20ebd6) Importer(815301076,1909f56bfc062723c751e8b465ee728b)
Start importing Assets/Script/ApplicationManager.cs using Guid(753dcedbcf53236479bbb3c64a20ebd6) Importer(815301076,1909f56bfc062723c751e8b465ee728b)  -> (artifact id: '029b826befc08de943a5ac69c62b7820') in 0.007089 seconds 
  Import took 0.012507 seconds .

========================================================================
Received Import Request.
  Time since last request: 102.550223 seconds.
  path: Assets/Scripts/ApplicationManager.cs
  artifactKey: Guid(753dcedbcf53236479bbb3c64a20ebd6) Importer(815301076,1909f56bfc062723c751e8b465ee728b)
Start importing Assets/Scripts/ApplicationManager.cs using Guid(753dcedbcf53236479bbb3c64a20ebd6) Importer(815301076,1909f56bfc062723c751e8b465ee728b)  -> (artifact id: 'ce971ad1ad1da7523938be8b297fe07e') in 0.008464 seconds 
  Import took 0.013348 seconds .

========================================================================
Received Import Request.
  Time since last request: 4.964796 seconds.
  path: Assets/Scripts/ApplicationManager.cs
  artifactKey: Guid(753dcedbcf53236479bbb3c64a20ebd6) Importer(815301076,1909f56bfc062723c751e8b465ee728b)
Start importing Assets/Scripts/ApplicationManager.cs using Guid(753dcedbcf53236479bbb3c64a20ebd6) Importer(815301076,1909f56bfc062723c751e8b465ee728b)  -> (artifact id: 'f5bc38971d0ad254512eef8750648e10') in 0.005565 seconds 
  Import took 0.011041 seconds .

========================================================================
Received Import Request.
  Time since last request: 15.610114 seconds.
  path: Assets/Scripts/ApplicationManager.cs
  artifactKey: Guid(753dcedbcf53236479bbb3c64a20ebd6) Importer(815301076,1909f56bfc062723c751e8b465ee728b)
Start importing Assets/Scripts/ApplicationManager.cs using Guid(753dcedbcf53236479bbb3c64a20ebd6) Importer(815301076,1909f56bfc062723c751e8b465ee728b)  -> (artifact id: '85bab4a3ca277735c8acd914b35dda55') in 0.004645 seconds 
  Import took 0.009653 seconds .

========================================================================
Received Import Request.
  Time since last request: 150.347596 seconds.
  path: Assets/Scripts/New Folder
  artifactKey: Guid(21e4526df48c8aa45b3092519caba1d9) Importer(815301076,1909f56bfc062723c751e8b465ee728b)
Start importing Assets/Scripts/New Folder using Guid(21e4526df48c8aa45b3092519caba1d9) Importer(815301076,1909f56bfc062723c751e8b465ee728b)  -> (artifact id: '3454b5c6c1946dec2454026809d961a2') in 0.011996 seconds 
  Import took 0.018825 seconds .

========================================================================
Received Import Request.
  Time since last request: 13.251421 seconds.
  path: Assets/Scripts/AM.cs
  artifactKey: Guid(f3cb5458d00e5d847b98cb6687e06891) Importer(815301076,1909f56bfc062723c751e8b465ee728b)
Start importing Assets/Scripts/AM.cs using Guid(f3cb5458d00e5d847b98cb6687e06891) Importer(815301076,1909f56bfc062723c751e8b465ee728b)  -> (artifact id: '4592323834d3fde0dd19c54744b1a96b') in 0.013916 seconds 
  Import took 0.021798 seconds .

========================================================================
Received Import Request.
  Time since last request: 112.899778 seconds.
  path: Assets/AM.cs
  artifactKey: Guid(c8f5ddff67e96f143b052bc1bb31e2f7) Importer(815301076,1909f56bfc062723c751e8b465ee728b)
Start importing Assets/AM.cs using Guid(c8f5ddff67e96f143b052bc1bb31e2f7) Importer(815301076,1909f56bfc062723c751e8b465ee728b)  -> (artifact id: 'a4b46f230b24f21d0a21f4c1f09b57a0') in 0.008039 seconds 
  Import took 0.016184 seconds .

========================================================================
Received Import Request.
  Time since last request: 54.336554 seconds.
  path: Assets/AM.cs
  artifactKey: Guid(c8f5ddff67e96f143b052bc1bb31e2f7) Importer(815301076,1909f56bfc062723c751e8b465ee728b)
Start importing Assets/AM.cs using Guid(c8f5ddff67e96f143b052bc1bb31e2f7) Importer(815301076,1909f56bfc062723c751e8b465ee728b)  -> (artifact id: '0571d16042acdf158a1bd0074d61c62f') in 0.006958 seconds 
  Import took 0.014765 seconds .

========================================================================
Received Import Request.
  Time since last request: 256.808314 seconds.
  path: Assets/AM.cs
  artifactKey: Guid(c8f5ddff67e96f143b052bc1bb31e2f7) Importer(815301076,1909f56bfc062723c751e8b465ee728b)
Start importing Assets/AM.cs using Guid(c8f5ddff67e96f143b052bc1bb31e2f7) Importer(815301076,1909f56bfc062723c751e8b465ee728b)  -> (artifact id: '70c8732da67faaeedffbbf07ed243a4c') in 0.004435 seconds 
  Import took 0.012117 seconds .

========================================================================
Received Import Request.
  Time since last request: 130.318979 seconds.
  path: Assets/Prefabs/BirdPrefab.prefab
  artifactKey: Guid(d67f248767c81c24e840fcd0fe2ff3b0) Importer(815301076,1909f56bfc062723c751e8b465ee728b)
Start importing Assets/Prefabs/BirdPrefab.prefab using Guid(d67f248767c81c24e840fcd0fe2ff3b0) Importer(815301076,1909f56bfc062723c751e8b465ee728b)  -> (artifact id: '1b9163965dd472b88bdbe883d5ad1b62') in 0.068232 seconds 
  Import took 0.077200 seconds .

========================================================================
Received Import Request.
  Time since last request: 75.986847 seconds.
  path: Assets/Scripts/AM.cs
  artifactKey: Guid(867fa24a37e6b0f4bbf28258a9ef613e) Importer(815301076,1909f56bfc062723c751e8b465ee728b)
Start importing Assets/Scripts/AM.cs using Guid(867fa24a37e6b0f4bbf28258a9ef613e) Importer(815301076,1909f56bfc062723c751e8b465ee728b)  -> (artifact id: '23dadf8cf3c36b5afd41e98961b7db3f') in 0.006039 seconds 
  Import took 0.013584 seconds .

AssetImportWorkerClient::OnTransportError - code=2 error=End of file
